<?xml version="1.0" encoding="UTF-8"?>
<!-- Generated by org.testng.reporters.JUnitReportReporter -->
<testsuite hostname="alexs-mbp.eduroam.hull.ac.uk" failures="0" tests="1" name="TestNegativeInputException" time="0.005" errors="0" timestamp="11 Oct 2018 08:31:32 GMT" skipped="0">
  <testcase classname="TestNegativeInputException" name="testNegativeInputException" time="0.005"/>
</testsuite> <!-- TestNegativeInputException -->
