<?xml version="1.0" encoding="UTF-8"?>
<!-- Generated by org.testng.reporters.JUnitReportReporter -->
<testsuite hostname="alexs-mbp.eduroam.hull.ac.uk" failures="0" tests="1" name="TestCommand" time="0.000" errors="0" timestamp="11 Oct 2018 08:31:31 GMT" skipped="0">
  <testcase classname="TestCommand" name="testCommand" time="0.000"/>
</testsuite> <!-- TestCommand -->
