<?xml version="1.0" encoding="UTF-8"?>
<!-- Generated by org.testng.reporters.JUnitReportReporter -->
<testsuite hostname="alexs-mbp.eduroam.hull.ac.uk" failures="0" tests="1" name="TestAdd" time="0.000" errors="0" timestamp="11 Oct 2018 08:31:32 GMT" skipped="0">
  <testcase classname="TestAdd" name="testAdd" time="0.000"/>
</testsuite> <!-- TestAdd -->
